{"/home/bmenezes/ExerciciosReact/src/App.tsx": {"path":"/home/bmenezes/ExerciciosReact/src/App.tsx","statementMap":{"0":{"start":{"line":10,"column":13},"end":{"line":12,"column":1}},"1":{"start":{"line":11,"column":2},"end":{"line":11,"column":27}},"2":{"start":{"line":15,"column":2},"end":{"line":36,"column":4}}},"fnMap":{"0":{"name":"(anonymous_0)","decl":{"start":{"line":10,"column":13},"end":{"line":10,"column":14}},"loc":{"start":{"line":10,"column":19},"end":{"line":12,"column":1}},"line":10},"1":{"name":"App","decl":{"start":{"line":14,"column":9},"end":{"line":14,"column":12}},"loc":{"start":{"line":14,"column":15},"end":{"line":37,"column":1}},"line":14}},"branchMap":{},"s":{"0":1,"1":0,"2":2},"f":{"0":0,"1":2},"b":{},"_coverageSchema":"43e27e138ebf9cfc5966b082cf9a028302ed4184","hash":"fdb969fa7caa162f2bf6843e60a813d94fc6ae3a"}
,"/home/bmenezes/ExerciciosReact/src/index.tsx": {"path":"/home/bmenezes/ExerciciosReact/src/index.tsx","statementMap":{"0":{"start":{"line":7,"column":0},"end":{"line":7,"column":58}},"1":{"start":{"line":12,"column":0},"end":{"line":12,"column":27}}},"fnMap":{},"branchMap":{},"s":{"0":0,"1":0},"f":{},"b":{},"hash":"5956c3d8348aa0d89a3a63e00ca870b762bf8128"}
,"/home/bmenezes/ExerciciosReact/src/serviceWorker.ts": {"path":"/home/bmenezes/ExerciciosReact/src/serviceWorker.ts","statementMap":{"0":{"start":{"line":13,"column":20},"end":{"line":21,"column":1}},"1":{"start":{"line":29,"column":2},"end":{"line":62,"column":3}},"2":{"start":{"line":31,"column":22},"end":{"line":34,"column":5}},"3":{"start":{"line":35,"column":4},"end":{"line":40,"column":5}},"4":{"start":{"line":39,"column":6},"end":{"line":39,"column":13}},"5":{"start":{"line":42,"column":4},"end":{"line":61,"column":7}},"6":{"start":{"line":43,"column":20},"end":{"line":43,"column":65}},"7":{"start":{"line":45,"column":6},"end":{"line":60,"column":7}},"8":{"start":{"line":47,"column":8},"end":{"line":47,"column":47}},"9":{"start":{"line":51,"column":8},"end":{"line":56,"column":11}},"10":{"start":{"line":52,"column":10},"end":{"line":55,"column":12}},"11":{"start":{"line":59,"column":8},"end":{"line":59,"column":39}},"12":{"start":{"line":66,"column":2},"end":{"line":106,"column":7}},"13":{"start":{"line":69,"column":6},"end":{"line":102,"column":8}},"14":{"start":{"line":70,"column":33},"end":{"line":70,"column":56}},"15":{"start":{"line":71,"column":8},"end":{"line":73,"column":9}},"16":{"start":{"line":72,"column":10},"end":{"line":72,"column":17}},"17":{"start":{"line":74,"column":8},"end":{"line":101,"column":10}},"18":{"start":{"line":75,"column":10},"end":{"line":100,"column":11}},"19":{"start":{"line":76,"column":12},"end":{"line":99,"column":13}},"20":{"start":{"line":80,"column":14},"end":{"line":83,"column":16}},"21":{"start":{"line":86,"column":14},"end":{"line":88,"column":15}},"22":{"start":{"line":87,"column":16},"end":{"line":87,"column":46}},"23":{"start":{"line":93,"column":14},"end":{"line":93,"column":64}},"24":{"start":{"line":96,"column":14},"end":{"line":98,"column":15}},"25":{"start":{"line":97,"column":16},"end":{"line":97,"column":47}},"26":{"start":{"line":105,"column":6},"end":{"line":105,"column":72}},"27":{"start":{"line":111,"column":2},"end":{"line":136,"column":7}},"28":{"start":{"line":116,"column":26},"end":{"line":116,"column":62}},"29":{"start":{"line":117,"column":6},"end":{"line":130,"column":7}},"30":{"start":{"line":122,"column":8},"end":{"line":126,"column":11}},"31":{"start":{"line":123,"column":10},"end":{"line":125,"column":13}},"32":{"start":{"line":124,"column":12},"end":{"line":124,"column":37}},"33":{"start":{"line":129,"column":8},"end":{"line":129,"column":39}},"34":{"start":{"line":133,"column":6},"end":{"line":135,"column":8}},"35":{"start":{"line":140,"column":2},"end":{"line":148,"column":3}},"36":{"start":{"line":141,"column":4},"end":{"line":147,"column":9}},"37":{"start":{"line":143,"column":8},"end":{"line":143,"column":34}},"38":{"start":{"line":146,"column":8},"end":{"line":146,"column":37}}},"fnMap":{"0":{"name":"register","decl":{"start":{"line":28,"column":16},"end":{"line":28,"column":24}},"loc":{"start":{"line":28,"column":42},"end":{"line":63,"column":1}},"line":28},"1":{"name":"(anonymous_1)","decl":{"start":{"line":42,"column":36},"end":{"line":42,"column":37}},"loc":{"start":{"line":42,"column":42},"end":{"line":61,"column":5}},"line":42},"2":{"name":"(anonymous_2)","decl":{"start":{"line":51,"column":43},"end":{"line":51,"column":44}},"loc":{"start":{"line":51,"column":49},"end":{"line":56,"column":9}},"line":51},"3":{"name":"registerValidSW","decl":{"start":{"line":65,"column":9},"end":{"line":65,"column":24}},"loc":{"start":{"line":65,"column":57},"end":{"line":107,"column":1}},"line":65},"4":{"name":"(anonymous_4)","decl":{"start":{"line":68,"column":10},"end":{"line":68,"column":11}},"loc":{"start":{"line":68,"column":26},"end":{"line":103,"column":5}},"line":68},"5":{"name":"(anonymous_5)","decl":{"start":{"line":69,"column":35},"end":{"line":69,"column":36}},"loc":{"start":{"line":69,"column":41},"end":{"line":102,"column":7}},"line":69},"6":{"name":"(anonymous_6)","decl":{"start":{"line":74,"column":41},"end":{"line":74,"column":42}},"loc":{"start":{"line":74,"column":47},"end":{"line":101,"column":9}},"line":74},"7":{"name":"(anonymous_7)","decl":{"start":{"line":104,"column":11},"end":{"line":104,"column":12}},"loc":{"start":{"line":104,"column":20},"end":{"line":106,"column":5}},"line":104},"8":{"name":"checkValidServiceWorker","decl":{"start":{"line":109,"column":9},"end":{"line":109,"column":32}},"loc":{"start":{"line":109,"column":65},"end":{"line":137,"column":1}},"line":109},"9":{"name":"(anonymous_9)","decl":{"start":{"line":114,"column":10},"end":{"line":114,"column":11}},"loc":{"start":{"line":114,"column":22},"end":{"line":131,"column":5}},"line":114},"10":{"name":"(anonymous_10)","decl":{"start":{"line":122,"column":43},"end":{"line":122,"column":44}},"loc":{"start":{"line":122,"column":59},"end":{"line":126,"column":9}},"line":122},"11":{"name":"(anonymous_11)","decl":{"start":{"line":123,"column":41},"end":{"line":123,"column":42}},"loc":{"start":{"line":123,"column":47},"end":{"line":125,"column":11}},"line":123},"12":{"name":"(anonymous_12)","decl":{"start":{"line":132,"column":11},"end":{"line":132,"column":12}},"loc":{"start":{"line":132,"column":17},"end":{"line":136,"column":5}},"line":132},"13":{"name":"unregister","decl":{"start":{"line":139,"column":16},"end":{"line":139,"column":26}},"loc":{"start":{"line":139,"column":29},"end":{"line":149,"column":1}},"line":139},"14":{"name":"(anonymous_14)","decl":{"start":{"line":142,"column":12},"end":{"line":142,"column":13}},"loc":{"start":{"line":142,"column":28},"end":{"line":144,"column":7}},"line":142},"15":{"name":"(anonymous_15)","decl":{"start":{"line":145,"column":13},"end":{"line":145,"column":14}},"loc":{"start":{"line":145,"column":22},"end":{"line":147,"column":7}},"line":145}},"branchMap":{"0":{"loc":{"start":{"line":14,"column":2},"end":{"line":20,"column":5}},"type":"binary-expr","locations":[{"start":{"line":14,"column":2},"end":{"line":14,"column":42}},{"start":{"line":16,"column":4},"end":{"line":16,"column":40}},{"start":{"line":18,"column":4},"end":{"line":20,"column":5}}],"line":14},"1":{"loc":{"start":{"line":29,"column":2},"end":{"line":62,"column":3}},"type":"if","locations":[{"start":{"line":29,"column":2},"end":{"line":62,"column":3}},{"start":{"line":29,"column":2},"end":{"line":62,"column":3}}],"line":29},"2":{"loc":{"start":{"line":29,"column":6},"end":{"line":29,"column":75}},"type":"binary-expr","locations":[{"start":{"line":29,"column":6},"end":{"line":29,"column":43}},{"start":{"line":29,"column":47},"end":{"line":29,"column":75}}],"line":29},"3":{"loc":{"start":{"line":35,"column":4},"end":{"line":40,"column":5}},"type":"if","locations":[{"start":{"line":35,"column":4},"end":{"line":40,"column":5}},{"start":{"line":35,"column":4},"end":{"line":40,"column":5}}],"line":35},"4":{"loc":{"start":{"line":45,"column":6},"end":{"line":60,"column":7}},"type":"if","locations":[{"start":{"line":45,"column":6},"end":{"line":60,"column":7}},{"start":{"line":45,"column":6},"end":{"line":60,"column":7}}],"line":45},"5":{"loc":{"start":{"line":71,"column":8},"end":{"line":73,"column":9}},"type":"if","locations":[{"start":{"line":71,"column":8},"end":{"line":73,"column":9}},{"start":{"line":71,"column":8},"end":{"line":73,"column":9}}],"line":71},"6":{"loc":{"start":{"line":75,"column":10},"end":{"line":100,"column":11}},"type":"if","locations":[{"start":{"line":75,"column":10},"end":{"line":100,"column":11}},{"start":{"line":75,"column":10},"end":{"line":100,"column":11}}],"line":75},"7":{"loc":{"start":{"line":76,"column":12},"end":{"line":99,"column":13}},"type":"if","locations":[{"start":{"line":76,"column":12},"end":{"line":99,"column":13}},{"start":{"line":76,"column":12},"end":{"line":99,"column":13}}],"line":76},"8":{"loc":{"start":{"line":86,"column":14},"end":{"line":88,"column":15}},"type":"if","locations":[{"start":{"line":86,"column":14},"end":{"line":88,"column":15}},{"start":{"line":86,"column":14},"end":{"line":88,"column":15}}],"line":86},"9":{"loc":{"start":{"line":86,"column":18},"end":{"line":86,"column":43}},"type":"binary-expr","locations":[{"start":{"line":86,"column":18},"end":{"line":86,"column":24}},{"start":{"line":86,"column":28},"end":{"line":86,"column":43}}],"line":86},"10":{"loc":{"start":{"line":96,"column":14},"end":{"line":98,"column":15}},"type":"if","locations":[{"start":{"line":96,"column":14},"end":{"line":98,"column":15}},{"start":{"line":96,"column":14},"end":{"line":98,"column":15}}],"line":96},"11":{"loc":{"start":{"line":96,"column":18},"end":{"line":96,"column":44}},"type":"binary-expr","locations":[{"start":{"line":96,"column":18},"end":{"line":96,"column":24}},{"start":{"line":96,"column":28},"end":{"line":96,"column":44}}],"line":96},"12":{"loc":{"start":{"line":117,"column":6},"end":{"line":130,"column":7}},"type":"if","locations":[{"start":{"line":117,"column":6},"end":{"line":130,"column":7}},{"start":{"line":117,"column":6},"end":{"line":130,"column":7}}],"line":117},"13":{"loc":{"start":{"line":118,"column":8},"end":{"line":119,"column":73}},"type":"binary-expr","locations":[{"start":{"line":118,"column":8},"end":{"line":118,"column":31}},{"start":{"line":119,"column":9},"end":{"line":119,"column":28}},{"start":{"line":119,"column":32},"end":{"line":119,"column":72}}],"line":118},"14":{"loc":{"start":{"line":140,"column":2},"end":{"line":148,"column":3}},"type":"if","locations":[{"start":{"line":140,"column":2},"end":{"line":148,"column":3}},{"start":{"line":140,"column":2},"end":{"line":148,"column":3}}],"line":140}},"s":{"0":0,"1":0,"2":0,"3":0,"4":0,"5":0,"6":0,"7":0,"8":0,"9":0,"10":0,"11":0,"12":0,"13":0,"14":0,"15":0,"16":0,"17":0,"18":0,"19":0,"20":0,"21":0,"22":0,"23":0,"24":0,"25":0,"26":0,"27":0,"28":0,"29":0,"30":0,"31":0,"32":0,"33":0,"34":0,"35":0,"36":0,"37":0,"38":0},"f":{"0":0,"1":0,"2":0,"3":0,"4":0,"5":0,"6":0,"7":0,"8":0,"9":0,"10":0,"11":0,"12":0,"13":0,"14":0,"15":0},"b":{"0":[0,0,0],"1":[0,0],"2":[0,0],"3":[0,0],"4":[0,0],"5":[0,0],"6":[0,0],"7":[0,0],"8":[0,0],"9":[0,0],"10":[0,0],"11":[0,0],"12":[0,0],"13":[0,0,0],"14":[0,0]},"hash":"eeddc6953ed34bbe8284eb25e5620dd460bbc126"}
,"/home/bmenezes/ExerciciosReact/src/components/CreateBeerForm/CreateBeerForm.tsx": {"path":"/home/bmenezes/ExerciciosReact/src/components/CreateBeerForm/CreateBeerForm.tsx","statementMap":{"0":{"start":{"line":9,"column":37},"end":{"line":9,"column":49}},"1":{"start":{"line":10,"column":37},"end":{"line":10,"column":49}},"2":{"start":{"line":11,"column":34},"end":{"line":11,"column":49}},"3":{"start":{"line":12,"column":42},"end":{"line":12,"column":54}},"4":{"start":{"line":14,"column":25},"end":{"line":22,"column":5}},"5":{"start":{"line":15,"column":8},"end":{"line":15,"column":31}},"6":{"start":{"line":16,"column":8},"end":{"line":21,"column":10}},"7":{"start":{"line":24,"column":4},"end":{"line":36,"column":5}},"8":{"start":{"line":26,"column":63},"end":{"line":26,"column":95}},"9":{"start":{"line":27,"column":60},"end":{"line":27,"column":92}},"10":{"start":{"line":30,"column":20},"end":{"line":30,"column":94}},"11":{"start":{"line":33,"column":65},"end":{"line":33,"column":99}}},"fnMap":{"0":{"name":"CreateBeerForm","decl":{"start":{"line":7,"column":9},"end":{"line":7,"column":23}},"loc":{"start":{"line":7,"column":26},"end":{"line":37,"column":1}},"line":7},"1":{"name":"(anonymous_1)","decl":{"start":{"line":14,"column":25},"end":{"line":14,"column":26}},"loc":{"start":{"line":14,"column":41},"end":{"line":22,"column":5}},"line":14},"2":{"name":"(anonymous_2)","decl":{"start":{"line":26,"column":54},"end":{"line":26,"column":55}},"loc":{"start":{"line":26,"column":63},"end":{"line":26,"column":95}},"line":26},"3":{"name":"(anonymous_3)","decl":{"start":{"line":27,"column":51},"end":{"line":27,"column":52}},"loc":{"start":{"line":27,"column":60},"end":{"line":27,"column":92}},"line":27},"4":{"name":"(anonymous_4)","decl":{"start":{"line":29,"column":26},"end":{"line":29,"column":27}},"loc":{"start":{"line":30,"column":20},"end":{"line":30,"column":94}},"line":30},"5":{"name":"(anonymous_5)","decl":{"start":{"line":33,"column":56},"end":{"line":33,"column":57}},"loc":{"start":{"line":33,"column":65},"end":{"line":33,"column":99}},"line":33}},"branchMap":{"0":{"loc":{"start":{"line":30,"column":31},"end":{"line":30,"column":93}},"type":"cond-expr","locations":[{"start":{"line":30,"column":52},"end":{"line":30,"column":72}},{"start":{"line":30,"column":75},"end":{"line":30,"column":93}}],"line":30}},"s":{"0":4,"1":4,"2":4,"3":4,"4":4,"5":1,"6":1,"7":4,"8":0,"9":0,"10":0,"11":0},"f":{"0":4,"1":1,"2":0,"3":0,"4":0,"5":0},"b":{"0":[0,0]},"_coverageSchema":"43e27e138ebf9cfc5966b082cf9a028302ed4184","hash":"9da12b723fea4a7befcc2686a3d7ba3db40f4433"}
,"/home/bmenezes/ExerciciosReact/src/components/CreateBeerFormikForm/CreateBeerFormikForm.tsx": {"path":"/home/bmenezes/ExerciciosReact/src/components/CreateBeerFormikForm/CreateBeerFormikForm.tsx","statementMap":{"0":{"start":{"line":9,"column":4},"end":{"line":45,"column":6}},"1":{"start":{"line":13,"column":16},"end":{"line":13,"column":34}},"2":{"start":{"line":17,"column":16},"end":{"line":41,"column":23}}},"fnMap":{"0":{"name":"CreateBeerFormikForm","decl":{"start":{"line":8,"column":9},"end":{"line":8,"column":29}},"loc":{"start":{"line":8,"column":32},"end":{"line":46,"column":1}},"line":8},"1":{"name":"(anonymous_1)","decl":{"start":{"line":12,"column":22},"end":{"line":12,"column":23}},"loc":{"start":{"line":12,"column":30},"end":{"line":14,"column":13}},"line":12},"2":{"name":"(anonymous_2)","decl":{"start":{"line":16,"column":13},"end":{"line":16,"column":14}},"loc":{"start":{"line":17,"column":16},"end":{"line":41,"column":23}},"line":17}},"branchMap":{"0":{"loc":{"start":{"line":19,"column":25},"end":{"line":19,"column":88}},"type":"binary-expr","locations":[{"start":{"line":19,"column":25},"end":{"line":19,"column":41}},{"start":{"line":19,"column":45},"end":{"line":19,"column":60}},{"start":{"line":19,"column":64},"end":{"line":19,"column":88}}],"line":19},"1":{"loc":{"start":{"line":23,"column":25},"end":{"line":23,"column":88}},"type":"binary-expr","locations":[{"start":{"line":23,"column":25},"end":{"line":23,"column":41}},{"start":{"line":23,"column":45},"end":{"line":23,"column":60}},{"start":{"line":23,"column":64},"end":{"line":23,"column":88}}],"line":23},"2":{"loc":{"start":{"line":27,"column":25},"end":{"line":27,"column":85}},"type":"binary-expr","locations":[{"start":{"line":27,"column":25},"end":{"line":27,"column":40}},{"start":{"line":27,"column":44},"end":{"line":27,"column":58}},{"start":{"line":27,"column":62},"end":{"line":27,"column":85}}],"line":27},"3":{"loc":{"start":{"line":31,"column":25},"end":{"line":31,"column":97}},"type":"binary-expr","locations":[{"start":{"line":31,"column":25},"end":{"line":31,"column":44}},{"start":{"line":31,"column":48},"end":{"line":31,"column":66}},{"start":{"line":31,"column":70},"end":{"line":31,"column":97}}],"line":31}},"s":{"0":3,"1":1,"2":5},"f":{"0":3,"1":1,"2":5},"b":{"0":[5,2,0],"1":[5,2,0],"2":[5,2,0],"3":[5,2,0]},"_coverageSchema":"43e27e138ebf9cfc5966b082cf9a028302ed4184","hash":"0709a1f80329808339bf934f8ab4564dc87395b1"}
,"/home/bmenezes/ExerciciosReact/src/components/DogDetails/DogDetails.tsx": {"path":"/home/bmenezes/ExerciciosReact/src/components/DogDetails/DogDetails.tsx","statementMap":{"0":{"start":{"line":12,"column":4},"end":{"line":19,"column":6}}},"fnMap":{"0":{"name":"DogDetails","decl":{"start":{"line":10,"column":9},"end":{"line":10,"column":19}},"loc":{"start":{"line":10,"column":34},"end":{"line":20,"column":1}},"line":10}},"branchMap":{},"s":{"0":4},"f":{"0":4},"b":{},"_coverageSchema":"43e27e138ebf9cfc5966b082cf9a028302ed4184","hash":"a761b854fa5c6ed1b4b89b3077f84dab9de4a241"}
,"/home/bmenezes/ExerciciosReact/src/components/DogDetails/Counter/Counter.tsx": {"path":"/home/bmenezes/ExerciciosReact/src/components/DogDetails/Counter/Counter.tsx","statementMap":{"0":{"start":{"line":5,"column":28},"end":{"line":5,"column":50}},"1":{"start":{"line":6,"column":20},"end":{"line":6,"column":45}},"2":{"start":{"line":6,"column":26},"end":{"line":6,"column":45}},"3":{"start":{"line":8,"column":2},"end":{"line":13,"column":4}}},"fnMap":{"0":{"name":"Counter","decl":{"start":{"line":3,"column":9},"end":{"line":3,"column":16}},"loc":{"start":{"line":3,"column":63},"end":{"line":14,"column":1}},"line":3},"1":{"name":"(anonymous_1)","decl":{"start":{"line":6,"column":20},"end":{"line":6,"column":21}},"loc":{"start":{"line":6,"column":26},"end":{"line":6,"column":45}},"line":6}},"branchMap":{},"s":{"0":6,"1":6,"2":1,"3":6},"f":{"0":6,"1":1},"b":{},"_coverageSchema":"43e27e138ebf9cfc5966b082cf9a028302ed4184","hash":"51665c2d5ab276a4272db2be20816ca07495ffcf"}
,"/home/bmenezes/ExerciciosReact/src/components/Form_Components/FormCheckbox.tsx": {"path":"/home/bmenezes/ExerciciosReact/src/components/Form_Components/FormCheckbox.tsx","statementMap":{"0":{"start":{"line":10,"column":4},"end":{"line":15,"column":5}}},"fnMap":{"0":{"name":"FormCheckbox","decl":{"start":{"line":8,"column":9},"end":{"line":8,"column":21}},"loc":{"start":{"line":8,"column":36},"end":{"line":16,"column":1}},"line":8}},"branchMap":{},"s":{"0":4},"f":{"0":4},"b":{},"_coverageSchema":"43e27e138ebf9cfc5966b082cf9a028302ed4184","hash":"2aacea6458156026ed6a73664f14cebae499803f"}
,"/home/bmenezes/ExerciciosReact/src/components/Form_Components/FormSelect.tsx": {"path":"/home/bmenezes/ExerciciosReact/src/components/Form_Components/FormSelect.tsx","statementMap":{"0":{"start":{"line":10,"column":4},"end":{"line":20,"column":5}}},"fnMap":{"0":{"name":"FormSelect","decl":{"start":{"line":8,"column":9},"end":{"line":8,"column":19}},"loc":{"start":{"line":8,"column":34},"end":{"line":21,"column":1}},"line":8}},"branchMap":{},"s":{"0":4},"f":{"0":4},"b":{},"_coverageSchema":"43e27e138ebf9cfc5966b082cf9a028302ed4184","hash":"50dd8f92c39243f5907f042f25a55ee23e3f888c"}
,"/home/bmenezes/ExerciciosReact/src/components/Form_Components/FormTextArea.tsx": {"path":"/home/bmenezes/ExerciciosReact/src/components/Form_Components/FormTextArea.tsx","statementMap":{"0":{"start":{"line":10,"column":4},"end":{"line":15,"column":5}}},"fnMap":{"0":{"name":"FormTextArea","decl":{"start":{"line":8,"column":9},"end":{"line":8,"column":21}},"loc":{"start":{"line":8,"column":36},"end":{"line":16,"column":1}},"line":8}},"branchMap":{},"s":{"0":4},"f":{"0":4},"b":{},"_coverageSchema":"43e27e138ebf9cfc5966b082cf9a028302ed4184","hash":"e6ad7444addf5457b470861b8f5a9c31d6d334af"}
,"/home/bmenezes/ExerciciosReact/src/components/Form_Components/FormTextInput.tsx": {"path":"/home/bmenezes/ExerciciosReact/src/components/Form_Components/FormTextInput.tsx","statementMap":{"0":{"start":{"line":10,"column":4},"end":{"line":15,"column":5}}},"fnMap":{"0":{"name":"FormTextInput","decl":{"start":{"line":8,"column":9},"end":{"line":8,"column":22}},"loc":{"start":{"line":8,"column":37},"end":{"line":16,"column":1}},"line":8}},"branchMap":{},"s":{"0":4},"f":{"0":4},"b":{},"_coverageSchema":"43e27e138ebf9cfc5966b082cf9a028302ed4184","hash":"9acdd0aa5134d757962aa0e5f8495de8217bed27"}
,"/home/bmenezes/ExerciciosReact/src/components/Formik_Components/FormikCheckbox.tsx": {"path":"/home/bmenezes/ExerciciosReact/src/components/Formik_Components/FormikCheckbox.tsx","statementMap":{"0":{"start":{"line":13,"column":4},"end":{"line":33,"column":6}},"1":{"start":{"line":16,"column":16},"end":{"line":30,"column":18}}},"fnMap":{"0":{"name":"FormikCheckbox","decl":{"start":{"line":12,"column":9},"end":{"line":12,"column":23}},"loc":{"start":{"line":12,"column":38},"end":{"line":34,"column":1}},"line":12},"1":{"name":"(anonymous_1)","decl":{"start":{"line":15,"column":13},"end":{"line":15,"column":14}},"loc":{"start":{"line":15,"column":41},"end":{"line":31,"column":13}},"line":15}},"branchMap":{"0":{"loc":{"start":{"line":22,"column":39},"end":{"line":22,"column":70}},"type":"binary-expr","locations":[{"start":{"line":22,"column":39},"end":{"line":22,"column":61}},{"start":{"line":22,"column":65},"end":{"line":22,"column":70}}],"line":22}},"s":{"0":5,"1":4},"f":{"0":5,"1":4},"b":{"0":[4,4]},"_coverageSchema":"43e27e138ebf9cfc5966b082cf9a028302ed4184","hash":"885aa5f4037a61db130a56dd65ae56a70b467b18"}
,"/home/bmenezes/ExerciciosReact/src/components/Formik_Components/FormikSelect.tsx": {"path":"/home/bmenezes/ExerciciosReact/src/components/Formik_Components/FormikSelect.tsx","statementMap":{"0":{"start":{"line":13,"column":4},"end":{"line":35,"column":6}},"1":{"start":{"line":16,"column":16},"end":{"line":32,"column":18}}},"fnMap":{"0":{"name":"FormikSelect","decl":{"start":{"line":12,"column":9},"end":{"line":12,"column":21}},"loc":{"start":{"line":12,"column":36},"end":{"line":36,"column":1}},"line":12},"1":{"name":"(anonymous_1)","decl":{"start":{"line":15,"column":13},"end":{"line":15,"column":14}},"loc":{"start":{"line":15,"column":41},"end":{"line":33,"column":13}},"line":15}},"branchMap":{"0":{"loc":{"start":{"line":22,"column":35},"end":{"line":22,"column":66}},"type":"binary-expr","locations":[{"start":{"line":22,"column":35},"end":{"line":22,"column":57}},{"start":{"line":22,"column":61},"end":{"line":22,"column":66}}],"line":22}},"s":{"0":5,"1":4},"f":{"0":5,"1":4},"b":{"0":[4,4]},"_coverageSchema":"43e27e138ebf9cfc5966b082cf9a028302ed4184","hash":"53ab6a079b50863d22e9a0c59aaf80bcb41c419e"}
,"/home/bmenezes/ExerciciosReact/src/components/Formik_Components/FormikTextArea.tsx": {"path":"/home/bmenezes/ExerciciosReact/src/components/Formik_Components/FormikTextArea.tsx","statementMap":{"0":{"start":{"line":12,"column":4},"end":{"line":30,"column":6}},"1":{"start":{"line":15,"column":16},"end":{"line":27,"column":18}}},"fnMap":{"0":{"name":"FormikTextArea","decl":{"start":{"line":11,"column":9},"end":{"line":11,"column":23}},"loc":{"start":{"line":11,"column":38},"end":{"line":31,"column":1}},"line":11},"1":{"name":"(anonymous_1)","decl":{"start":{"line":14,"column":13},"end":{"line":14,"column":14}},"loc":{"start":{"line":14,"column":41},"end":{"line":28,"column":13}},"line":14}},"branchMap":{"0":{"loc":{"start":{"line":19,"column":31},"end":{"line":19,"column":59}},"type":"binary-expr","locations":[{"start":{"line":19,"column":31},"end":{"line":19,"column":53}},{"start":{"line":19,"column":57},"end":{"line":19,"column":59}}],"line":19},"1":{"loc":{"start":{"line":22,"column":30},"end":{"line":22,"column":50}},"type":"binary-expr","locations":[{"start":{"line":22,"column":30},"end":{"line":22,"column":40}},{"start":{"line":22,"column":44},"end":{"line":22,"column":50}}],"line":22}},"s":{"0":5,"1":4},"f":{"0":5,"1":4},"b":{"0":[4,4],"1":[4,0]},"_coverageSchema":"43e27e138ebf9cfc5966b082cf9a028302ed4184","hash":"2e7bc4aa40b747d20ea7e3dfaaa717f40bc19633"}
,"/home/bmenezes/ExerciciosReact/src/components/Formik_Components/FormikTextInput.tsx": {"path":"/home/bmenezes/ExerciciosReact/src/components/Formik_Components/FormikTextInput.tsx","statementMap":{"0":{"start":{"line":12,"column":4},"end":{"line":28,"column":5}},"1":{"start":{"line":15,"column":16},"end":{"line":25,"column":18}}},"fnMap":{"0":{"name":"FormikTextInput","decl":{"start":{"line":11,"column":9},"end":{"line":11,"column":24}},"loc":{"start":{"line":11,"column":39},"end":{"line":29,"column":1}},"line":11},"1":{"name":"(anonymous_1)","decl":{"start":{"line":14,"column":13},"end":{"line":14,"column":14}},"loc":{"start":{"line":14,"column":41},"end":{"line":26,"column":13}},"line":14}},"branchMap":{"0":{"loc":{"start":{"line":19,"column":31},"end":{"line":19,"column":59}},"type":"binary-expr","locations":[{"start":{"line":19,"column":31},"end":{"line":19,"column":53}},{"start":{"line":19,"column":57},"end":{"line":19,"column":59}}],"line":19},"1":{"loc":{"start":{"line":22,"column":30},"end":{"line":22,"column":50}},"type":"binary-expr","locations":[{"start":{"line":22,"column":30},"end":{"line":22,"column":40}},{"start":{"line":22,"column":44},"end":{"line":22,"column":50}}],"line":22}},"s":{"0":9,"1":4},"f":{"0":9,"1":4},"b":{"0":[4,4],"1":[4,0]},"_coverageSchema":"43e27e138ebf9cfc5966b082cf9a028302ed4184","hash":"8f3fc0de3b449300725ab27ae77798bcade230b8"}
}
