TN:
SF:/home/bmenezes/ExerciciosReact/src/App.tsx
FN:10,(anonymous_0)
FN:14,App
FNF:2
FNH:1
FNDA:0,(anonymous_0)
FNDA:2,App
DA:10,1
DA:11,0
DA:15,2
LF:3
LH:2
BRF:0
BRH:0
end_of_record
TN:
SF:/home/bmenezes/ExerciciosReact/src/index.tsx
FNF:0
FNH:0
DA:7,0
DA:12,0
LF:2
LH:0
BRF:0
BRH:0
end_of_record
TN:
SF:/home/bmenezes/ExerciciosReact/src/serviceWorker.ts
FN:28,register
FN:42,(anonymous_1)
FN:51,(anonymous_2)
FN:65,registerValidSW
FN:68,(anonymous_4)
FN:69,(anonymous_5)
FN:74,(anonymous_6)
FN:104,(anonymous_7)
FN:109,checkValidServiceWorker
FN:114,(anonymous_9)
FN:122,(anonymous_10)
FN:123,(anonymous_11)
FN:132,(anonymous_12)
FN:139,unregister
FN:142,(anonymous_14)
FN:145,(anonymous_15)
FNF:16
FNH:0
FNDA:0,register
FNDA:0,(anonymous_1)
FNDA:0,(anonymous_2)
FNDA:0,registerValidSW
FNDA:0,(anonymous_4)
FNDA:0,(anonymous_5)
FNDA:0,(anonymous_6)
FNDA:0,(anonymous_7)
FNDA:0,checkValidServiceWorker
FNDA:0,(anonymous_9)
FNDA:0,(anonymous_10)
FNDA:0,(anonymous_11)
FNDA:0,(anonymous_12)
FNDA:0,unregister
FNDA:0,(anonymous_14)
FNDA:0,(anonymous_15)
DA:13,0
DA:29,0
DA:31,0
DA:35,0
DA:39,0
DA:42,0
DA:43,0
DA:45,0
DA:47,0
DA:51,0
DA:52,0
DA:59,0
DA:66,0
DA:69,0
DA:70,0
DA:71,0
DA:72,0
DA:74,0
DA:75,0
DA:76,0
DA:80,0
DA:86,0
DA:87,0
DA:93,0
DA:96,0
DA:97,0
DA:105,0
DA:111,0
DA:116,0
DA:117,0
DA:122,0
DA:123,0
DA:124,0
DA:129,0
DA:133,0
DA:140,0
DA:141,0
DA:143,0
DA:146,0
LF:39
LH:0
BRDA:14,0,0,0
BRDA:14,0,1,0
BRDA:14,0,2,0
BRDA:29,1,0,0
BRDA:29,1,1,0
BRDA:29,2,0,0
BRDA:29,2,1,0
BRDA:35,3,0,0
BRDA:35,3,1,0
BRDA:45,4,0,0
BRDA:45,4,1,0
BRDA:71,5,0,0
BRDA:71,5,1,0
BRDA:75,6,0,0
BRDA:75,6,1,0
BRDA:76,7,0,0
BRDA:76,7,1,0
BRDA:86,8,0,0
BRDA:86,8,1,0
BRDA:86,9,0,0
BRDA:86,9,1,0
BRDA:96,10,0,0
BRDA:96,10,1,0
BRDA:96,11,0,0
BRDA:96,11,1,0
BRDA:117,12,0,0
BRDA:117,12,1,0
BRDA:118,13,0,0
BRDA:118,13,1,0
BRDA:118,13,2,0
BRDA:140,14,0,0
BRDA:140,14,1,0
BRF:32
BRH:0
end_of_record
TN:
SF:/home/bmenezes/ExerciciosReact/src/components/CreateBeerForm/CreateBeerForm.tsx
FN:7,CreateBeerForm
FN:19,(anonymous_1)
FN:28,(anonymous_2)
FN:62,(anonymous_3)
FN:76,(anonymous_4)
FN:80,(anonymous_5)
FN:83,(anonymous_6)
FN:87,(anonymous_7)
FNF:8
FNH:6
FNDA:8,CreateBeerForm
FNDA:0,(anonymous_1)
FNDA:0,(anonymous_2)
FNDA:1,(anonymous_3)
FNDA:1,(anonymous_4)
FNDA:1,(anonymous_5)
FNDA:1,(anonymous_6)
FNDA:1,(anonymous_7)
DA:9,8
DA:10,8
DA:11,8
DA:12,8
DA:13,8
DA:14,8
DA:15,8
DA:16,8
DA:17,8
DA:19,8
DA:20,0
DA:21,0
DA:22,0
DA:24,0
DA:28,8
DA:29,0
DA:31,0
DA:32,0
DA:33,0
DA:35,0
DA:38,0
DA:39,0
DA:40,0
DA:43,0
DA:46,0
DA:47,0
DA:48,0
DA:51,0
DA:54,0
DA:55,0
DA:57,0
DA:62,8
DA:63,1
DA:64,1
DA:72,8
DA:76,1
DA:80,1
DA:83,1
DA:87,1
LF:39
LH:19
BRDA:20,0,0,0
BRDA:20,0,1,0
BRDA:31,1,0,0
BRDA:31,1,1,0
BRDA:38,2,0,0
BRDA:38,2,1,0
BRDA:46,3,0,0
BRDA:46,3,1,0
BRDA:54,4,0,0
BRDA:54,4,1,0
BRDA:75,5,0,8
BRDA:75,5,1,0
BRDA:79,6,0,8
BRDA:79,6,1,0
BRDA:83,7,0,1
BRDA:83,7,1,0
BRDA:86,8,0,8
BRDA:86,8,1,0
BRF:18
BRH:4
end_of_record
TN:
SF:/home/bmenezes/ExerciciosReact/src/components/CreateBeerFormikForm/CreateBeerFormikForm.tsx
FN:15,CreateBeerFormikForm
FN:19,(anonymous_1)
FN:24,(anonymous_2)
FNF:3
FNH:1
FNDA:1,CreateBeerFormikForm
FNDA:0,(anonymous_1)
FNDA:0,(anonymous_2)
DA:9,2
DA:16,1
DA:20,0
DA:25,0
LF:4
LH:2
BRDA:27,0,0,0
BRDA:27,0,1,0
BRDA:27,0,2,0
BRDA:27,0,3,0
BRDA:27,0,4,0
BRDA:31,1,0,0
BRDA:31,1,1,0
BRDA:31,1,2,0
BRDA:31,1,3,0
BRDA:31,1,4,0
BRDA:35,2,0,0
BRDA:35,2,1,0
BRDA:35,2,2,0
BRDA:35,2,3,0
BRDA:35,2,4,0
BRDA:39,3,0,0
BRDA:39,3,1,0
BRDA:39,3,2,0
BRDA:39,3,3,0
BRDA:39,3,4,0
BRDA:47,4,0,0
BRDA:47,4,1,0
BRF:22
BRH:0
end_of_record
TN:
SF:/home/bmenezes/ExerciciosReact/src/components/DogDetails/DogDetails.tsx
FN:10,DogDetails
FNF:1
FNH:1
FNDA:4,DogDetails
DA:12,4
LF:1
LH:1
BRF:0
BRH:0
end_of_record
TN:
SF:/home/bmenezes/ExerciciosReact/src/components/DogDetails/Counter/Counter.tsx
FN:3,Counter
FN:6,(anonymous_1)
FNF:2
FNH:2
FNDA:6,Counter
FNDA:1,(anonymous_1)
DA:5,6
DA:6,6
DA:8,6
LF:3
LH:3
BRF:0
BRH:0
end_of_record
TN:
SF:/home/bmenezes/ExerciciosReact/src/components/Form_Components/FormCheckbox.tsx
FN:8,FormCheckbox
FNF:1
FNH:1
FNDA:4,FormCheckbox
DA:10,4
LF:1
LH:1
BRF:0
BRH:0
end_of_record
TN:
SF:/home/bmenezes/ExerciciosReact/src/components/Form_Components/FormSelect.tsx
FN:8,FormSelect
FNF:1
FNH:1
FNDA:4,FormSelect
DA:10,4
LF:1
LH:1
BRF:0
BRH:0
end_of_record
TN:
SF:/home/bmenezes/ExerciciosReact/src/components/Form_Components/FormTextArea.tsx
FN:8,FormTextArea
FNF:1
FNH:1
FNDA:4,FormTextArea
DA:10,4
LF:1
LH:1
BRF:0
BRH:0
end_of_record
TN:
SF:/home/bmenezes/ExerciciosReact/src/components/Form_Components/FormTextInput.tsx
FN:9,(anonymous_0)
FNF:1
FNH:1
FNDA:4,(anonymous_0)
DA:9,3
DA:10,4
LF:2
LH:2
BRF:0
BRH:0
end_of_record
TN:
SF:/home/bmenezes/ExerciciosReact/src/components/Formik_Components/FormikCheckbox.tsx
FN:12,FormikCheckbox
FN:15,(anonymous_1)
FNF:2
FNH:2
FNDA:1,FormikCheckbox
FNDA:1,(anonymous_1)
DA:13,1
DA:16,1
LF:2
LH:2
BRDA:22,0,0,1
BRDA:22,0,1,0
BRF:2
BRH:1
end_of_record
TN:
SF:/home/bmenezes/ExerciciosReact/src/components/Formik_Components/FormikSelect.tsx
FN:12,FormikSelect
FN:15,(anonymous_1)
FNF:2
FNH:2
FNDA:1,FormikSelect
FNDA:1,(anonymous_1)
DA:13,1
DA:16,1
LF:2
LH:2
BRDA:22,0,0,1
BRDA:22,0,1,0
BRDA:25,1,0,1
BRDA:25,1,1,0
BRF:4
BRH:2
end_of_record
TN:
SF:/home/bmenezes/ExerciciosReact/src/components/Formik_Components/FormikTextArea.tsx
FN:11,FormikTextArea
FN:14,(anonymous_1)
FNF:2
FNH:2
FNDA:1,FormikTextArea
FNDA:1,(anonymous_1)
DA:12,1
DA:15,1
LF:2
LH:2
BRDA:19,0,0,1
BRDA:19,0,1,0
BRDA:22,1,0,1
BRDA:22,1,1,0
BRDA:23,2,0,1
BRDA:23,2,1,0
BRF:6
BRH:3
end_of_record
TN:
SF:/home/bmenezes/ExerciciosReact/src/components/Formik_Components/FormikTextInput.tsx
FN:11,FormikTextInput
FN:14,(anonymous_1)
FNF:2
FNH:2
FNDA:1,FormikTextInput
FNDA:1,(anonymous_1)
DA:12,1
DA:15,1
LF:2
LH:2
BRDA:19,0,0,1
BRDA:19,0,1,0
BRDA:22,1,0,1
BRDA:22,1,1,0
BRDA:23,2,0,1
BRDA:23,2,1,0
BRF:6
BRH:3
end_of_record
